2025-04-13 18:47:45 [INFO] ZERO/RANDOM WINS : 0 / 1 ; DRAWS : 3
2025-04-13 18:47:45 [INFO] Starting Iteration 1 ...
2025-04-13 18:49:44 [INFO] STARTING TRAINING
2025-04-13 18:49:44 [INFO] PITTING AGAINST PREVIOUS VERSION
2025-04-13 18:51:07 [INFO] NEW/PREV WINS : 0 / 0 ; DRAWS : 4
2025-04-13 18:51:07 [INFO] REJECTING NEW MODEL
2025-04-13 18:51:07 [INFO] Iteration 1 completed. Collected examples: 5
2025-04-13 18:51:07 [INFO] Starting Iteration 2 ...
2025-04-13 18:51:43 [INFO] STARTING TRAINING
2025-04-13 18:51:43 [INFO] PITTING AGAINST PREVIOUS VERSION
2025-04-13 18:52:41 [INFO] NEW/PREV WINS : 0 / 0 ; DRAWS : 4
2025-04-13 18:52:41 [INFO] REJECTING NEW MODEL
2025-04-13 18:52:41 [INFO] Iteration 2 completed. Collected examples: 10
2025-04-13 18:52:41 [INFO] Starting Iteration 3 ...
2025-04-13 18:53:35 [INFO] STARTING TRAINING
2025-04-13 18:53:35 [INFO] PITTING AGAINST PREVIOUS VERSION
2025-04-13 18:54:43 [INFO] NEW/PREV WINS : 0 / 0 ; DRAWS : 4
2025-04-13 18:54:43 [INFO] REJECTING NEW MODEL
2025-04-13 18:54:43 [INFO] Iteration 3 completed. Collected examples: 15
2025-04-13 18:54:43 [INFO] Starting Iteration 4 ...
2025-04-13 18:56:04 [INFO] STARTING TRAINING
2025-04-13 18:56:04 [INFO] PITTING AGAINST PREVIOUS VERSION
2025-04-13 18:57:08 [INFO] NEW/PREV WINS : 0 / 0 ; DRAWS : 4
2025-04-13 18:57:08 [INFO] REJECTING NEW MODEL
2025-04-13 18:57:08 [INFO] Iteration 4 completed. Collected examples: 20
2025-04-13 18:57:08 [INFO] Starting Iteration 5 ...
2025-04-13 19:00:13 [INFO] STARTING TRAINING
2025-04-13 19:00:13 [INFO] PITTING AGAINST PREVIOUS VERSION
2025-04-13 19:01:23 [INFO] NEW/PREV WINS : 0 / 0 ; DRAWS : 4
2025-04-13 19:01:23 [INFO] REJECTING NEW MODEL
2025-04-13 19:01:23 [INFO] Iteration 5 completed. Collected examples: 25
